# CVS $Revision: $ $Author: $ -- Thu Feb 16 10:47:10 2012 -- reformated by prettylst.pl v1.39 (build 15052)
SOURCELONG:Legacy of Fire, Chapter 6 - The Final Wish	SOURCESHORT:PF24	SOURCEWEB:paizo.com/products/btpy89a2?Pathfinder-Adventure-Path-24-The-Final-Wish	SOURCEDATE:2009-06
# ORIGINAL ENTRY: Stefan Radermacher
# ORIGINAL ENTRY DATE: 2011/10/01

STARTPACK:Xotani Default	TYPE:DefaultMonster.Construct	VISIBLE:QUALIFY	EQUIPBUY:0	PREMULT:1,[!PRERACE:1,%],[PRERACE:1,Xotani]	SOURCEPAGE:p.88
RACE:Xotani	!PRERACE:1,%
NAME:Xotani
STAT:STR=10|DEX=11|CON=10|INT=11|WIS=11|CHA=10
SKILL:Climb		RANK:1
SKILL:Perception	RANK:1
SKILL:Survival	RANK:1
FEAT:Awesome Blow
FEAT:Blind-Fight
FEAT:Cleave
FEAT:Combat Reflexes
FEAT:Diehard
FEAT:Endurance
FEAT:Great Cleave
FEAT:Great Fortitude
FEAT:Improved Bull Rush
FEAT:Improved Initiative
FEAT:Improved Overrun
FEAT:Iron Will
FEAT:Lightning Reflexes
FEAT:Power Attack
FEAT:Run

#
# End
#
