# CVS $Revision: 11684 $ $Author: eddyanthony $ -- Fri Sep  3 12:57:16 2010 -- reformated by prettylst.pl v1.39 (build 11455)
SOURCELONG:Rise of the Runelords, Chapter 2: The Skinsaw Murders	SOURCESHORT:PF2	SOURCEWEB:http://paizo.com/pathfinder/adventurePath/riseOfTheRunelords/v5748btpy8029	SOURCEDATE:2007-10
# Original Entry by: Stefan Radermacher

# For Boggard, load the Pathfinder Roleplaying Game Bestiary dataset
# For Faceless Stalker, load the Pathfinder Roleplaying Game Bestiary 2 dataset
# For Lamia Matriarch, load the Pathfinder Roleplaying Game Bestiary 2 dataset
# For Lyrakien, load the Pathfinder Roleplaying Game Bestiary 2 dataset and see Azata (Lyrakien)

STARTPACK:Carrionstorm Default	VISIBLE:QUALIFY	EQUIPBUY:0	PREMULT:1,[!PRERACE:1,%],[PRERACE:1,Carrionstorm]	SOURCEPAGE:p.83
RACE:Carrionstorm	!PRERACE:1,%
NAME:Carrionstorm
ALIGN:NE
SKILL:Perception	RANK:2
FEAT:Improved Initiative
STAT:STR=10|DEX=11|CON=10|INT=10|WIS=10|CHA=10

STARTPACK:Revenant Default	VISIBLE:QUALIFY	EQUIPBUY:0	PREMULT:1,[!PRERACE:1,%],[PRERACE:1,Revenant]	SOURCEPAGE:p.92
RACE:Revenant	!PRERACE:1,%
NAME:Revenant
ALIGN:LE
SKILL:Climb		RANK:3
SKILL:Intimidate	RANK:4
SKILL:Perception	RANK:7
FEAT:Power Attack
FEAT:Cleave
FEAT:Weapon Focus (Claw)
FEAT:Improved Bull Rush
STAT:STR=10|DEX=10|CON=10|INT=10|WIS=10|CHA=10

#
# End
#
