# CVS $Revision: 12603 $ $Author: zaister $ -- Wed Jul  2 12:57:47 2014 -- reformated by prettylst.pl v1.50 (build 22352)
SOURCELONG:City of Strangers	SOURCESHORT:CoS	SOURCEWEB:http://paizo.com/products/btpy8fda?Pathfinder-Chronicles-City-of-Strangers	SOURCEDATE:2010-06
# Original Entry by: Stefan Radermacher

# Class Name	Hit Dice	Type			Abbreviation	Max Level	Source Page		Define			Save checks bonus													Combat bonus
CLASS:Bloatmage	HD:6		TYPE:PC.Prestige	ABB:Blo		MAXLEVEL:10	SOURCEPAGE:p.60	DEFINE:BloatmageLVL|CL	BONUS:CHECKS|BASE.Will|(CL+1)/2	BONUS:CHECKS|BASE.Fortitude,BASE.Reflex|(CL+1)/3	BONUS:COMBAT|BAB|CL/2|TYPE=Base.REPLACE
# Class Name	Required Feat					Req. Spell Type
CLASS:Bloatmage	PREFEAT:2,Bloatmage Initiate,Spell Focus	PRESPELLTYPE:1,Arcane=3
# Class Name	Skill Pts/Lvl	Class Skill
CLASS:Bloatmage	STARTSKILLPTS:2	CSKILL:Fly|Heal|TYPE.Knowledge|Spellcraft|Use Magic Device
###Block: Level Progression
1	ADD:SPELLCASTER|Arcane
2	ADD:SPELLCASTER|Arcane
3	ADD:SPELLCASTER|Arcane
4	ADD:SPELLCASTER|Arcane
5	ADD:SPELLCASTER|Arcane
6	ADD:SPELLCASTER|Arcane
7	ADD:SPELLCASTER|Arcane
8	ADD:SPELLCASTER|Arcane
9	ADD:SPELLCASTER|Arcane
10	ADD:SPELLCASTER|Arcane
###Block: Level Progression
1	ABILITY:Bloatmage Class Feature|AUTOMATIC|Bloatmage ~ Blood Pool|Bloatmage ~ Bloat|Bloatmage ~ Hemophilia
3	ABILITY:Bloatmage Class Feature|AUTOMATIC|Bloatmage ~ Corpulence
10	ABILITY:Bloatmage Class Feature|AUTOMATIC|Bloatmage ~ Absorb Bloodline

#
# End
#
