# CVS $Revision: 12858 $ $Author: zaister $ -- Mon Jul 19 14:33:38 2010 -- reformated by prettylst.pl v1.39 (build 11455)
SOURCELONG:Rise of the Runelords Player's Guide	SOURCESHORT:RotRPG	SOURCEWEB:http://paizo.com/pathfinder/adventurePath/riseOfTheRunelords/v5748btpy8bd9	SOURCEDATE:2007-08
# Original Entry by: Stefan Radermacher

STARTPACK:Snake (Cindersnake) Default	TYPE:DefaultMonster.Animal	VISIBLE:QUALIFY	EQUIPBUY:0	PREMULT:1,[PRERACE:1,Snake (Cindersnake)],[!PRERACE:1,%]	SOURCEPAGE:p.6
RACE:Snake (Cindersnake)	!PRERACE:1,%
NAME:Cindersnake
ALIGN:TN
STAT:STR=10|DEX=11|CON=10|INT=11|WIS=11|CHA=10
SKILL:Perception	RANK:1
SKILL:Stealth	RANK:1
FEAT:Improved Initiative

STARTPACK:Rat (Donkey) Default	TYPE:DefaultMonster.Animal	VISIBLE:QUALIFY	EQUIPBUY:0	PREMULT:1,[PRERACE:1,Rat (Donkey)],[!PRERACE:1,%]	SOURCEPAGE:p.6
RACE:Rat (Donkey)	!PRERACE:1,%
NAME:Donkey Rat
ALIGN:TN
STAT:STR=10|DEX=11|CON=11|INT=10|WIS=11|CHA=10
SKILL:Stealth	RANK:1
FEAT:Skill Focus (Perception)

STARTPACK:Cat (Fire Pelt) Default	TYPE:DefaultMonster.Animal	VISIBLE:QUALIFY	EQUIPBUY:0	PREMULT:1,[PRERACE:1,Cat (Fire Pelt)],[!PRERACE:1,%]	SOURCEPAGE:p.6
ALIGN:TN
RACE:Cat (Fire Pelt)	!PRERACE:1,%
NAME:Fire Pelt
SKILL:Acrobatics	RANK:1
SKILL:Perception	RANK:1
SKILL:Stealth	RANK:1
FEAT:Skill Focus (Stealth)
FEAT:Weapon Finesse
STAT:STR=10|DEX=11|CON=11|INT=10|WIS=11|CHA=10

STARTPACK:Storm Roc Default	TYPE:DefaultMonster.Animal	VISIBLE:QUALIFY	EQUIPBUY:0	PREMULT:1,[PRERACE:1,Storm Roc],[!PRERACE:1,%]	SOURCEPAGE:p.6
RACE:Storm Roc	!PRERACE:1,%
NAME:Storm Roc
ALIGN:TN
STAT:STR=10|DEX=11|CON=10|INT=10|WIS=11|CHA=11
SKILL:Fly	RANK:1
FEAT:Weapon Finesse

#
# End
#
