# CVS $Revision: $ $Author: $ -- Wed Sep  7 12:33:52 2016 -- reformated by PCGen PrettyLST v6.06.00
SOURCELONG:PlusRPG	SOURCESHORT:Plus	SOURCEDATE:2099-12

###Block: Modify Default ability
# Ability Name			Ability									Bonus to skill point/L		Class Skill
CATEGORY=Internal|Default.MOD	ABILITY:Internal|AUTOMATIC|Automatic Bonus Progression
CATEGORY=Internal|Default.MOD											BONUS:SKILLPOINTS|NUMBER|2
CATEGORY=Internal|Default.MOD																CSKILL:TYPE=Artistry|TYPE=Lore

###Block: Automatic Bonus Progression
# Ability Name			Category of Ability	Define																				Ability																																																																																																						Bonus Ability Pool																																													Combat bonus										Save bonus									Modify VAR
Automatic Bonus Progression	CATEGORY:Internal		DEFINE:CharacterLVL|0	DEFINE:UseAttunement|0														ABILITY:Internal|AUTOMATIC|Deflection Progression|Mental Prowess Progression|Physical Prowess Progression|Resistance Progression|Toughening Progression	ABILITY:Internal|AUTOMATIC|Armor Attunement Progression|Weapon Attunement Progression|PREVARGTEQ:UseAttunement,1																																																																																																																																	BONUS:VAR|CharacterLVL|TL-HD
#
Deflection Progression		CATEGORY:Internal		DEFINE:DeflectionProgressionBonus|0																																																																																																																																																																							BONUS:COMBAT|AC|DeflectionProgressionBonus|TYPE=Deflection													BONUS:VAR|DeflectionProgressionBonus|1|PREVARGTEQ:CharacterLVL,5	BONUS:VAR|DeflectionProgressionBonus|1|PREVARGTEQ:CharacterLVL,10	BONUS:VAR|DeflectionProgressionBonus|1|PREVARGTEQ:CharacterLVL,16	BONUS:VAR|DeflectionProgressionBonus|1|PREVARGTEQ:CharacterLVL,17	BONUS:VAR|DeflectionProgressionBonus|1|PREVARGTEQ:CharacterLVL,18
Mental Prowess Progression	CATEGORY:Internal																																																																																																																														BONUS:ABILITYPOOL|Mental Prowess I|1|PREVARGTEQ:CharacterLVL,6	BONUS:ABILITYPOOL|Mental Prowess II|1|PREVARGTEQ:CharacterLVL,13	BONUS:ABILITYPOOL|Improved Mental Prowess|1|PREVARGTEQ:CharacterLVL,15	BONUS:ABILITYPOOL|Mental Prowess III|1|PREVARGTEQ:CharacterLVL,17
Physical Prowess Progression	CATEGORY:Internal																																																																																																																														BONUS:ABILITYPOOL|Physical Prowess I|1|PREVARGTEQ:CharacterLVL,7	BONUS:ABILITYPOOL|Physical Prowess II|1|PREVARGTEQ:CharacterLVL,13	BONUS:ABILITYPOOL|Improved Physical Prowess|1|PREVARGTEQ:CharacterLVL,16	BONUS:ABILITYPOOL|Physical Prowess III|1|PREVARGTEQ:CharacterLVL,17
Resistance Progression		CATEGORY:Internal		DEFINE:ResistanceProgressionBonus|0																																																																																																																																																																																			BONUS:SAVE|All|ResistanceProgressionBonus|TYPE=Resistance	BONUS:VAR|ResistanceProgressionBonus|1|PREVARGTEQ:CharacterLVL,3	BONUS:VAR|ResistanceProgressionBonus|1|PREVARGTEQ:CharacterLVL,8	BONUS:VAR|ResistanceProgressionBonus|1|PREVARGTEQ:CharacterLVL,10	BONUS:VAR|ResistanceProgressionBonus|1|PREVARGTEQ:CharacterLVL,13	BONUS:VAR|ResistanceProgressionBonus|1|PREVARGTEQ:CharacterLVL,14
Toughening Progression		CATEGORY:Internal		DEFINE:TougheningProgressionBonus|0																																																																																																																																																																							BONUS:COMBAT|AC|TougheningProgressionBonus|TYPE=NaturalArmorEnhancement											BONUS:VAR|TougheningProgressionBonus|1|PREVARGTEQ:CharacterLVL,8	BONUS:VAR|TougheningProgressionBonus|1|PREVARGTEQ:CharacterLVL,13	BONUS:VAR|TougheningProgressionBonus|1|PREVARGTEQ:CharacterLVL,16	BONUS:VAR|TougheningProgressionBonus|1|PREVARGTEQ:CharacterLVL,17	BONUS:VAR|TougheningProgressionBonus|1|PREVARGTEQ:CharacterLVL,18
#
Armor Attunement Progression	CATEGORY:Internal		DEFINE:SingleArmorAttunementBonus|0	DEFINE:PrimaryArmorAttunementBonus|0	DEFINE:SecondaryArmorAttunementBonus|0		ABILITY:Special Ability|AUTOMATIC|Armor Attunement Display|PREVARGT:SingleArmorAttunementBonus,0	ABILITY:Special Ability|AUTOMATIC|Armor Attunement ~ Armor|PREVARGT:SingleArmorAttunementBonus,0	ABILITY:Special Ability|AUTOMATIC|Armor Attunement ~ Clothing|PREVARGT:SingleArmorAttunementBonus,0	ABILITY:Special Ability|AUTOMATIC|Armor Attunement ~ Shield|PREVARGT:SingleArmorAttunementBonus,0	ABILITY:Special Ability|AUTOMATIC|Armor Attunement ~ Primary|PREVARGT:PrimaryArmorAttunementBonus,0	ABILITY:Special Ability|AUTOMATIC|Armor Attunement ~ Secondary|PREVARGT:SecondaryArmorAttunementBonus,0																																																																							BONUS:VAR|SingleArmorAttunementBonus|1|PREVARGTEQ:CharacterLVL,4	BONUS:VAR|SingleArmorAttunementBonus|1|PREVARGTEQ:CharacterLVL,9	BONUS:VAR|SingleArmorAttunementBonus|1|PREVARGTEQ:CharacterLVL,14	BONUS:VAR|SingleArmorAttunementBonus|1|PREVARGTEQ:CharacterLVL,15	BONUS:VAR|SingleArmorAttunementBonus|1|PREVARGTEQ:CharacterLVL,17	BONUS:VAR|PrimaryArmorAttunementBonus|1|PREVARGTEQ:CharacterLVL,8	BONUS:VAR|PrimaryArmorAttunementBonus|1|PREVARGTEQ:CharacterLVL,14	BONUS:VAR|PrimaryArmorAttunementBonus|1|PREVARGTEQ:CharacterLVL,15	BONUS:VAR|PrimaryArmorAttunementBonus|1|PREVARGTEQ:CharacterLVL,17	BONUS:VAR|SecondaryArmorAttunementBonus|1|PREVARGTEQ:CharacterLVL,8	BONUS:VAR|SecondaryArmorAttunementBonus|1|PREVARGTEQ:CharacterLVL,14	BONUS:VAR|SecondaryArmorAttunementBonus|1|PREVARGTEQ:CharacterLVL,15
Weapon Attunement Progression	CATEGORY:Internal		DEFINE:SingleWeaponAttunementBonus|0	DEFINE:PrimaryWeaponAttunementBonus|0	DEFINE:SecondaryWeaponAttunementBonus|0	ABILITY:Special Ability|AUTOMATIC|Weapon Attunement Display|PREVARGT:SingleWeaponAttunementBonus,0	ABILITY:Special Ability|AUTOMATIC|Weapon Attunement ~ Single|PREVARGT:SingleWeaponAttunementBonus,0	ABILITY:Special Ability|AUTOMATIC|Weapon Attunement ~ Primary|PREVARGT:PrimaryWeaponAttunementBonus,0	ABILITY:Special Ability|AUTOMATIC|Weapon Attunement ~ Secondary|PREVARGT:SecondaryWeaponAttunementBonus,0																																																																																																									BONUS:VAR|SingleWeaponAttunementBonus|1|PREVARGTEQ:CharacterLVL,4	BONUS:VAR|SingleWeaponAttunementBonus|1|PREVARGTEQ:CharacterLVL,9	BONUS:VAR|SingleWeaponAttunementBonus|1|PREVARGTEQ:CharacterLVL,14	BONUS:VAR|SingleWeaponAttunementBonus|1|PREVARGTEQ:CharacterLVL,15	BONUS:VAR|SingleWeaponAttunementBonus|1|PREVARGTEQ:CharacterLVL,17	BONUS:VAR|PrimaryWeaponAttunementBonus|1|PREVARGTEQ:CharacterLVL,8	BONUS:VAR|PrimaryWeaponAttunementBonus|1|PREVARGTEQ:CharacterLVL,14	BONUS:VAR|PrimaryWeaponAttunementBonus|1|PREVARGTEQ:CharacterLVL,15	BONUS:VAR|PrimaryWeaponAttunementBonus|1|PREVARGTEQ:CharacterLVL,17	BONUS:VAR|SecondaryWeaponAttunementBonus|1|PREVARGTEQ:CharacterLVL,8	BONUS:VAR|SecondaryWeaponAttunementBonus|1|PREVARGTEQ:CharacterLVL,14	BONUS:VAR|SecondaryWeaponAttunementBonus|1|PREVARGTEQ:CharacterLVL,15

###Block: Pysical and Mental Prowess abilities
# Ability Name	Unique Key							Category of Ability		Type									Required Ability										Restricted Ability									Stat bonus
Strength		KEY:Strength ~ Physical Prowess Basic		CATEGORY:Special Ability	TYPE:StrengthProgression.PhysicalProwessBasic																										BONUS:STAT|STR|2|TYPE=Enhancement.REPLACE	BONUS:STAT|STR|2|TYPE=Enhancement.REPLACE|PREVARGTEQ:CharacterLVL,12
Strength		KEY:Strength ~ Physical Prowess			CATEGORY:Special Ability	TYPE:StrengthProgression.PhysicalProwess															!PREABILITY:1,CATEGORY=Special Ability,TYPE=StrengthProgression		BONUS:STAT|STR|2|TYPE=Enhancement.REPLACE
Strength		KEY:Strength ~ Physical Prowess Improved		CATEGORY:Special Ability	TYPE:StrengthProgression.PhysicalProwessImproved	PREABILITY:1,CATEGORY=Special Ability,TYPE=StrengthProgression														BONUS:STAT|STR|2|TYPE=Enhancement.REPLACE
Dexterity		KEY:Dexterity ~ Physical Prowess Basic		CATEGORY:Special Ability	TYPE:DexterityProgression.PhysicalProwessBasic																										BONUS:STAT|DEX|2|TYPE=Enhancement.REPLACE	BONUS:STAT|DEX|2|TYPE=Enhancement.REPLACE|PREVARGTEQ:CharacterLVL,12
Dexterity		KEY:Dexterity ~ Physical Prowess			CATEGORY:Special Ability	TYPE:DexterityProgression.PhysicalProwess															!PREABILITY:1,CATEGORY=Special Ability,TYPE=DexterityProgression		BONUS:STAT|DEX|2|TYPE=Enhancement.REPLACE
Dexterity		KEY:Dexterity ~ Physical Prowess Improved		CATEGORY:Special Ability	TYPE:DexterityProgression.PhysicalProwessImproved	PREABILITY:1,CATEGORY=Special Ability,TYPE=DexterityProgression														BONUS:STAT|DEX|2|TYPE=Enhancement.REPLACE
Constitution	KEY:Constitution ~ Physical Prowess Basic		CATEGORY:Special Ability	TYPE:ConstitutionProgression.PhysicalProwessBasic																									BONUS:STAT|CON|2|TYPE=Enhancement.REPLACE	BONUS:STAT|CON|2|TYPE=Enhancement.REPLACE|PREVARGTEQ:CharacterLVL,12
Constitution	KEY:Constitution ~ Physical Prowess			CATEGORY:Special Ability	TYPE:ConstitutionProgression.PhysicalProwess														!PREABILITY:1,CATEGORY=Special Ability,TYPE=ConstitutionProgression	BONUS:STAT|CON|2|TYPE=Enhancement.REPLACE
Constitution	KEY:Constitution ~ Physical Prowess Improved	CATEGORY:Special Ability	TYPE:ConstitutionProgression.PhysicalProwessImproved	PREABILITY:1,CATEGORY=Special Ability,TYPE=ConstitutionProgression													BONUS:STAT|CON|2|TYPE=Enhancement.REPLACE
Intelligence	KEY:Intelligence ~ Mental Prowess Basic		CATEGORY:Special Ability	TYPE:IntelligenceProgression.MentalProwessBasic																										BONUS:STAT|INT|2|TYPE=Enhancement.REPLACE	BONUS:STAT|INT|2|TYPE=Enhancement.REPLACE|PREVARGTEQ:CharacterLVL,11
Intelligence	KEY:Intelligence ~ Mental Prowess			CATEGORY:Special Ability	TYPE:IntelligenceProgression.MentalProwess														!PREABILITY:1,CATEGORY=Special Ability,TYPE=IntelligenceProgression	BONUS:STAT|INT|2|TYPE=Enhancement.REPLACE
Intelligence	KEY:Intelligence ~ Mental Prowess Improved	CATEGORY:Special Ability	TYPE:IntelligenceProgression.MentalProwessImproved	PREABILITY:1,CATEGORY=Special Ability,TYPE=IntelligenceProgression													BONUS:STAT|INT|2|TYPE=Enhancement.REPLACE
Wisdom		KEY:Wisdom ~ Mental Prowess Basic			CATEGORY:Special Ability	TYPE:WisdomProgression.MentalProwessBasic																											BONUS:STAT|WIS|2|TYPE=Enhancement.REPLACE	BONUS:STAT|WIS|2|TYPE=Enhancement.REPLACE|PREVARGTEQ:CharacterLVL,11
Wisdom		KEY:Wisdom ~ Mental Prowess				CATEGORY:Special Ability	TYPE:WisdomProgression.MentalProwess															!PREABILITY:1,CATEGORY=Special Ability,TYPE=WisdomProgression		BONUS:STAT|WIS|2|TYPE=Enhancement.REPLACE
Wisdom		KEY:Wisdom ~ Mental Prowess Improved		CATEGORY:Special Ability	TYPE:WisdomProgression.MentalProwessImproved		PREABILITY:1,CATEGORY=Special Ability,TYPE=WisdomProgression														BONUS:STAT|WIS|2|TYPE=Enhancement.REPLACE
Charisma		KEY:Charisma ~ Mental Prowess Basic			CATEGORY:Special Ability	TYPE:CharismaProgression.MentalProwessBasic																										BONUS:STAT|CHA|2|TYPE=Enhancement.REPLACE	BONUS:STAT|CHA|2|TYPE=Enhancement.REPLACE|PREVARGTEQ:CharacterLVL,11
Charisma		KEY:Charisma ~ Mental Prowess				CATEGORY:Special Ability	TYPE:CharismaProgression.MentalProwess															!PREABILITY:1,CATEGORY=Special Ability,TYPE=CharismaProgression		BONUS:STAT|CHA|2|TYPE=Enhancement.REPLACE
Charisma		KEY:Charisma ~ Mental Prowess Improved		CATEGORY:Special Ability	TYPE:CharismaProgression.MentalProwessImproved		PREABILITY:1,CATEGORY=Special Ability,TYPE=CharismaProgression														BONUS:STAT|CHA|2|TYPE=Enhancement.REPLACE

###Block: Automatic Bonus Progression display abilities
# Ability Name	Unique Key				Category of Ability		Type								Description
Armor Attunement	KEY:Armor Attunement Display	CATEGORY:Special Ability	TYPE:SpecialQuality.AutomaticBonusProgression	DESC:You can attune yourself to one suit of armor or one shield in your possession. If you select a normal set of clothing as your armor, it counts as having a starting enhancement bonus of +0. The attuned suit of armor gains a +%1 enhancement bonus.|SingleArmorAttunementBonus	DESC:You can split your attunement between a suit of armor and a shield, granting each a +%1 enhancement bonus.|PrimaryArmorAttunementBonus|PREMULT:2,[PREVARGT:PrimaryArmorAttunementBonus,0],[PREVAREQ:PrimaryArmorAttunementBonus,SecondaryArmorAttunementBonus]	DESC:You can split your attunement between a suit of armor and a shield, granting one a +%1 enhancement bonus and the other a +%2 enhancement bonus.|PrimaryArmorAttunementBonus|SecondaryArmorAttunementBonus|PREMULT:2,[PREVARGT:PrimaryArmorAttunementBonus,0],[PREVARNEQ:PrimaryArmorAttunementBonus,SecondaryArmorAttunementBonus]
Weapon Attunement	KEY:Weapon Attunement Display	CATEGORY:Special Ability	TYPE:SpecialAttack.AutomaticBonusProgression	DESC:You can attune yourself to any one weapon in your possession. The attuned weapon gains a +%1 enhancement bonus.|SingleWeaponAttunementBonus	DESC:You can split your attunement between two weapons, granting each a +%1 enhancement bonus.|PrimaryWeaponAttunementBonus|PREMULT:2,[PREVARGT:PrimaryWeaponAttunementBonus,0],[PREVAREQ:PrimaryWeaponAttunementBonus,SecondaryWeaponAttunementBonus]	DESC:You can split your attunement between two weapons, granting one weapon a +%1 enhancement bonus and another weapon a +%2 enhancement bonus.|PrimaryWeaponAttunementBonus|SecondaryWeaponAttunementBonus|PREMULT:2,[PREVARGT:PrimaryWeaponAttunementBonus,0],[PREVARNEQ:PrimaryWeaponAttunementBonus,SecondaryWeaponAttunementBonus]

###Block: Attunement temporary bonus abilities
# Ability Name						Unique Key					Category of Ability		Type			Temporary Bonus
Armor Attunement						KEY:Armor Attunement ~ Armor		CATEGORY:Special Ability	TYPE:Internal	TEMPBONUS:EQ|Armor.Masterwork|COMBAT|AC|SingleArmorAttunementBonus|TYPE=ArmorEnhancement
Armor Attunement (Shield)				KEY:Armor Attunement ~ Shield		CATEGORY:Special Ability	TYPE:Internal	TEMPBONUS:EQ|Shield.Masterwork|COMBAT|AC|SingleArmorAttunementBonus|TYPE=ShieldEnhancement
Armor Attunement (Armor and Shield/Armor)		KEY:Armor Attunement ~ Primary	CATEGORY:Special Ability	TYPE:Internal	TEMPBONUS:EQ|Armor.Masterwork|COMBAT|AC|PrimaryArmorAttunementBonus|TYPE=ArmorEnhancement
Armor Attunement (Armor and Shield/Shield)	KEY:Armor Attunement ~ Secondary	CATEGORY:Special Ability	TYPE:Internal	TEMPBONUS:EQ|Shield.Masterwork|COMBAT|AC|SecondaryArmorAttunementBonus|TYPE=ShieldEnhancement
Armor Attunement (Clothing)				KEY:Armor Attunement ~ Clothing	CATEGORY:Special Ability	TYPE:Internal	TEMPBONUS:PC|COMBAT|AC|SingleArmorAttunementBonus|TYPE=ArmorEnhancement
Weapon Attunement						KEY:Weapon Attunement ~ Single	CATEGORY:Special Ability	TYPE:Internal	TEMPBONUS:EQ|Weapon.Masterwork|WEAPON|TOHIT,DAMAGE|SingleWeaponAttunementBonus|TYPE=Enhancement
Weapon Attunement (Two Weapons/Primary)		KEY:Weapon Attunement ~ Primary	CATEGORY:Special Ability	TYPE:Internal	TEMPBONUS:EQ|Weapon.Masterwork|WEAPON|TOHIT,DAMAGE|PrimaryWeaponAttunementBonus|TYPE=Enhancement
Weapon Attunement (Two Weapons/Secondary)		KEY:Weapon Attunement ~ Secondary	CATEGORY:Special Ability	TYPE:Internal	TEMPBONUS:EQ|Weapon.Masterwork|WEAPON|TOHIT,DAMAGE|SecondaryWeaponAttunementBonus|TYPE=Enhancement

#
# End
#
