# CVS $Revision: $ $Author: $ -- Tue Aug 16 14:59:45 2016 -- reformated by PCGen PrettyLST v6.06.00
SOURCELONG:PlusRPG	SOURCESHORT:Plus	SOURCEDATE:2099-12

###Block: Changed spells
# Spell Name			Clear School			Sub-School				Descriptor		Clear Casting Time				Clear Range			Target Area or Effect							Clear Duration									Save Info						Spell Resistance			Source, Long Desc.	Clear Source Page	Clear Description	Description
Bless Weapon.MOD													DESCRIPTOR:Good																																													SOURCELONG:PlusRPG	SOURCEPAGE:.CLEAR
Bull's Strength.MOD																																																											SOURCELONG:PlusRPG	SOURCEPAGE:.CLEAR	DESC:.CLEAR		DESC:The subject becomes stronger and gains a +2 bonus on Strength checks, Strength-based skills checks, to attack and damage rolls using the subject's Strength modifier, to its CMD, and to the DC of any ability based on Strength.
Command.MOD									SUBSCHOOL:.CLEAR|Control																																																SOURCELONG:PlusRPG	SOURCEPAGE:.CLEAR
Cure Light Wounds.MOD		SCHOOL:.CLEAR|Necromancy																																																					SOURCELONG:PlusRPG	SOURCEPAGE:.CLEAR
Detect Magic.MOD																CASTTIME:.CLEAR|1 round or 10 minutes	RANGE:.CLEAR|Touch	TARGETAREA:Object or creature touched				DURATION:.CLEAR|Instantaneous							SAVEINFO:.CLEAR|Will negates (object)	SPELLRES:.CLEAR|Yes (object)	SOURCELONG:PlusRPG	SOURCEPAGE:.CLEAR
False Life.MOD													DESCRIPTOR:Evil																																													SOURCELONG:PlusRPG	SOURCEPAGE:.CLEAR
Glitterdust.MOD																CASTTIME:.CLEAR|1 round								TARGETAREA:10-ft.-radius spread					DURATION:.CLEAR|Instantaneous and (CASTERLEVEL) rounds; see text	SAVEINFO:.CLEAR|Will partial; see text						SOURCELONG:PlusRPG	SOURCEPAGE:.CLEAR
Mending.MOD																								RANGE:.CLEAR|Touch	TARGETAREA:One touched object of up to (CASTERLEVEL) lbs.																								SOURCELONG:PlusRPG	SOURCEPAGE:.CLEAR
Ray of Enfeeblement.MOD																																															SAVEINFO:.CLEAR|Fortitude negates							SOURCELONG:PlusRPG	SOURCEPAGE:.CLEAR
Remove Fear.MOD																																					DURATION:.CLEAR|Instantaneous or 10 minutes																SOURCELONG:PlusRPG	SOURCEPAGE:.CLEAR
Restoration (Lesser).MOD	SCHOOL:.CLEAR|Necromancy																																																					SOURCELONG:PlusRPG	SOURCEPAGE:.CLEAR	DESC:.CLEAR		DESC:Lesser restoration cures 1d4+(1+(max(0,(CASTERLEVEL-3)/6))) points of ability damage to one of the subject's ability scores.
Stabilize.MOD			SCHOOL:.CLEAR|Necromancy																RANGE:.CLEAR|Touch																																		SOURCELONG:PlusRPG	SOURCEPAGE:.CLEAR

###Block: New spells
# Spell Name	Type		Classes of caster				School		Sub-School		Components	Casting Time			Range		Item		Target Area or Effect		Duration			Save Info					Spell Resistance		Description
Remove Fatigue	TYPE:Divine	CLASSES:Paladin=1|Cleric,Druid=2	SCHOOL:Necromancy	SUBSCHOOL:Healing	COMPS:V, S	CASTTIME:1 standard action	RANGE:Touch	ITEM:Potion	TARGETAREA:Creature touched	DURATION:Instantaneous	SAVEINFO:Will negates (harmless)	SPELLRES:Yes (harmless)	DESC:Eliminate fatigue condition suffered by subject, or improve exhausted condition to fatigued.

###Block: Replace version
#Bless Weapon		TYPE:Divine			CLASSES:Paladin=1						DOMAINS:Glory=2						SCHOOL:Transmutation				DESCRIPTOR:Good		COMPS:V, S		CASTTIME:1 standard action		RANGE:Touch				TARGETAREA:Weapon touched			DURATION:(CASTERLEVEL) minutes					SAVEINFO:None					SPELLRES:No																									DESC:This transmutation makes a weapon strike true against evil foes.
#Bull's Strength		TYPE:Arcane.Divine	CLASSES:Cleric,Druid,Paladin,Sorcerer,Wizard=2	DOMAINS:Strength=2					SCHOOL:Transmutation								COMPS:V, S, M/DF	CASTTIME:1 standard action		RANGE:Touch		ITEM:Potion	TARGETAREA:Creature touched			DURATION:(CASTERLEVEL) minutes					SAVEINFO:Will negates (harmless)		SPELLRES:Yes (harmless)																							DESC:The subject becomes stronger and gains a +2 bonus Strength checks, Strength-based skills checks, to attack and damage rolls using the subject's Strength modifier, to its CMD, and to the DC of any ability based on Strength.
#Cure Light Wounds	TYPE:Arcane.Divine	CLASSES:Bard,Cleric,Druid,Paladin=1|Ranger=2	DOMAINS:Healing=1						SCHOOL:Necromancy		SUBSCHOOL:Healing					COMPS:V, S		CASTTIME:1 standard action		RANGE:Touch		ITEM:Potion	TARGETAREA:Creature touched			DURATION:Instantaneous							SAVEINFO:Will half (harmless); see text	SPELLRES:Yes (harmless); see text																					DESC:When laying your hand upon a living creature, you channel positive energy that cures 1d8+(min(5,CASTERLEVEL)) points of damage.
#Detect Magic		TYPE:Arcane.Divine	CLASSES:Bard,Cleric,Druid,Sorcerer,Wizard=0									SCHOOL:Divination									COMPS:V, S		CASTTIME:1 round or 10 minutes	RANGE:Touch				TARGETAREA:Object or creature touched	DURATION:Instantaneous							SAVEINFO:Will negates (object)		SPELLRES:Yes (object)																							DESC:You detect magical auras.
#Protection from Chaos	TYPE:Arcane.Divine	CLASSES:Cleric,Paladin,Sorcerer,Wizard=1		DOMAINS:Law=1						SCHOOL:Abjuration									COMPS:V, S, M/DF	CASTTIME:1 standard action		RANGE:Touch		ITEM:Potion	TARGETAREA:Creature touched			DURATION:(CASTERLEVEL) minutes [D]					SAVEINFO:Will negates (harmless)		SPELLRES:No; see text																							DESC:This spell wards a creature from attacks by chaotic creatures, from mental control, and from summoned creatures.
#Protection from Evil	TYPE:Arcane.Divine	CLASSES:Cleric,Paladin,Sorcerer,Wizard=1		DOMAINS:Good=1						SCHOOL:Abjuration									COMPS:V, S, M/DF	CASTTIME:1 standard action		RANGE:Touch		ITEM:Potion	TARGETAREA:Creature touched			DURATION:(CASTERLEVEL) minutes [D]					SAVEINFO:Will negates (harmless)		SPELLRES:No; see text																							DESC:This spell wards a creature from attacks by evil creatures, from mental control, and from summoned creatures.
#Protection from Good	TYPE:Arcane.Divine	CLASSES:Cleric,Sorcerer,Wizard=1			DOMAINS:Evil=1						SCHOOL:Abjuration									COMPS:V, S, M/DF	CASTTIME:1 standard action		RANGE:Touch		ITEM:Potion	TARGETAREA:Creature touched			DURATION:(CASTERLEVEL) minutes [D]					SAVEINFO:Will negates (harmless)		SPELLRES:No; see text																							DESC:This spell wards a creature from attacks by good creatures, from mental control, and from summoned creatures.
#Protection from Law	TYPE:Arcane.Divine	CLASSES:Cleric,Sorcerer,Wizard=1			DOMAINS:Chaos=1						SCHOOL:Abjuration									COMPS:V, S, M/DF	CASTTIME:1 standard action		RANGE:Touch		ITEM:Potion	TARGETAREA:Creature touched			DURATION:(CASTERLEVEL) minutes [D]					SAVEINFO:Will negates (harmless)		SPELLRES:No; see text																							DESC:This spell wards a creature from attacks by lawful creatures, from mental control, and from summoned creatures.
#Restoration (Lesser)	TYPE:Divine			CLASSES:Paladin=1|Cleric,Druid=2											SCHOOL:Necromancy		SUBSCHOOL:Healing					COMPS:V, S		CASTTIME:3 rounds				RANGE:Touch		ITEM:Potion	TARGETAREA:Creature touched			DURATION:Instantaneous							SAVEINFO:Will negates (harmless)		SPELLRES:Yes (harmless)																							DESC:Lesser restoration cures 1d4+(1+(max(0,(CASTERLEVEL-3)/6))) points of ability damage to one of the subject's ability scores.

#
# End
#
