# CVS $Revision: 13618 $ $Author: amaitland $ -- Fri Jan 14 19:55:41 2011 -- reformated by prettylst.pl v1.39 (build 11455)
SOURCELONG:Psionics Unleashed	SOURCESHORT:PsU	SOURCEWEB:http://dreamscarredpress.com/dragonfly/Store/product/pid=70.html	SOURCEDATE:2010-11
# Original Entry by: Stefan Radermacher

# Race Name	Starting Feats	Size		Move			Face/Space	Reach		Automatic Languages		Bonus Languages								Bonus to Ability Pool										Stat bonus						Ability													Main Race Type	Type		Template			Challenge Rating	Source Page		Apply Kit									Race SubType
#Dwarf		STARTFEATS:1	SIZE:M	MOVE:Walk,20	FACE:5	REACH:5	LANGAUTO:Common,Dwarven		LANGBONUS:Giant,Gnome,Goblin,Orc,Terran,Undercommon		BONUS:ABILITYPOOL|Dwarf Racial Trait|8							BONUS:STAT|CON,WIS|2	BONUS:STAT|CHA|-2															RACETYPE:Humanoid	TYPE:PC	TEMPLATE:Dwarf		CR:1/2		SOURCEPAGE:p.21	KIT:1|Dwarf Racial Trait Default					RACESUBTYPE:Dwarf
#Elf		STARTFEATS:1	SIZE:M	MOVE:Walk,30	FACE:5	REACH:5	LANGAUTO:Common,Elven		LANGBONUS:Celestial,Draconic,Gnoll,Gnome,Goblin,Orc,Sylvan	BONUS:ABILITYPOOL|Elf Racial Trait|4							BONUS:STAT|DEX,INT|2	BONUS:STAT|CON|-2															RACETYPE:Humanoid	TYPE:PC	TEMPLATE:Elf		CR:1/2		SOURCEPAGE:p.22	KIT:1|Elf Racial Trait Default					RACESUBTYPE:Elf
#Gnome		STARTFEATS:1	SIZE:S	MOVE:Walk,20	FACE:5	REACH:5	LANGAUTO:Common,Gnome,Sylvan	LANGBONUS:Draconic,Dwarven,Elven,Giant,Goblin,Orc		BONUS:ABILITYPOOL|Gnome Racial Trait|7							BONUS:STAT|CON,CHA|2	BONUS:STAT|STR|-2															RACETYPE:Humanoid	TYPE:PC	TEMPLATE:Gnome		CR:1/2		SOURCEPAGE:p.23	KIT:1|Gnome Racial Trait Default					RACESUBTYPE:Gnome
#Half-Elf	STARTFEATS:1	SIZE:M	MOVE:Walk,30	FACE:5	REACH:5	LANGAUTO:Common,Elven		LANGBONUS:ALL								BONUS:ABILITYPOOL|Ability Bonus|1	BONUS:ABILITYPOOL|Half Elf Racial Trait|4								ABILITY:Special Ability|AUTOMATIC|Elf Blood ~ Half-Elf					RACETYPE:Humanoid	TYPE:PC	TEMPLATE:Elf|Human	CR:1/2		SOURCEPAGE:p.24	KIT:1|Half Elf Racial Trait Default					RACESUBTYPE:Elf|Human
#Half-Orc	STARTFEATS:1	SIZE:M	MOVE:Walk,30	FACE:5	REACH:5	LANGAUTO:Common,Orc		LANGBONUS:Abyssal,Draconic,Giant,Gnoll,Goblin			BONUS:ABILITYPOOL|Ability Bonus|1	BONUS:ABILITYPOOL|Half Orc Racial Trait|3								ABILITY:Special Ability|AUTOMATIC|Orc Blood							RACETYPE:Humanoid	TYPE:PC	TEMPLATE:Orc|Human	CR:1/2		SOURCEPAGE:p.25	KIT:1|Half Orc Racial Trait Default					RACESUBTYPE:Orc|Human
#Halfling	STARTFEATS:1	SIZE:S	MOVE:Walk,20	FACE:5	REACH:5	LANGAUTO:Common,Halfling	LANGBONUS:Dwarven,Elven,Gnome,Goblin				BONUS:ABILITYPOOL|Halfling Racial Trait|5							BONUS:STAT|DEX,CHA|2	BONUS:STAT|STR|-2															RACETYPE:Humanoid	TYPE:PC	TEMPLATE:Halfling		CR:1/2		SOURCEPAGE:p.26	KIT:1|Halfling Racial Trait Default					RACESUBTYPE:Halfling
#Human		STARTFEATS:1	SIZE:M	MOVE:Walk,30	FACE:5	REACH:5	LANGAUTO:Common			LANGBONUS:ALL								BONUS:ABILITYPOOL|Ability Bonus|1	BONUS:ABILITYPOOL|Human Racial Trait|2																						RACETYPE:Humanoid	TYPE:PC	TEMPLATE:Human		CR:1/2		SOURCEPAGE:p.27	KIT:1|Human Racial Trait Default					RACESUBTYPE:Human
# Race Name	Starting Feats	Size		Move			Face/Space	Reach		Automatic Languages	Bonus Languages							Bonus to Ability Pool				Stat bonus						Main Race Type	Type		Template		Challenge Rating	Source Page		Apply Kit
Blue		STARTFEATS:1	SIZE:S	MOVE:Walk,30	FACE:5	REACH:5	LANGAUTO:Common,Goblin	LANGBONUS:Draconic,Dwarven,Gnoll,Gnome,Halfling,Orc	BONUS:ABILITYPOOL|Blue Racial Trait|7	BONUS:STAT|DEX,INT|2	BONUS:STAT|STR|-2	RACETYPE:Humanoid	TYPE:PC	TEMPLATE:Blue	CR:1/2		SOURCEPAGE:p.7	KIT:1|Blue Racial Trait Default
Dromite	STARTFEATS:1	SIZE:S	MOVE:Walk,20	FACE:5	REACH:5	LANGAUTO:Common		LANGBONUS:Dwarven,Gnome,Goblin,Terran			BONUS:ABILITYPOOL|Dromite Racial Trait|6	BONUS:STAT|DEX,CHA|2	BONUS:STAT|STR|-2	RACETYPE:Humanoid	TYPE:PC	TEMPLATE:Dromite	CR:1/2		SOURCEPAGE:p.10	KIT:1|Dromite Racial Trait Default
#Duergar	STARTFEATS:1	SIZE:M	MOVE:Walk,20	FACE:5	REACH:5	LANGAUTO:
#Elan		STARTFEATS:1	SIZE:M	MOVE:Walk,30	FACE:5	REACH:5	LANGAUTO:
#Half-Giant	STARTFEATS:1	SIZE:M	MOVE:Walk,30	FACE:5	REACH:5	LANGAUTO:
#Maenad	STARTFEATS:1	SIZE:M	MOVE:Walk,30	FACE:5	REACH:5	LANGAUTO:
#Ophiduan	STARTFEATS:1	SIZE:M	MOVE:Walk,30	FACE:5	REACH:5	LANGAUTO:
#Xeph		STARTFEATS:1	SIZE:M	MOVE:Walk,30	FACE:5	REACH:5	LANGAUTO:

#
# End
#
