# CVS $Revision: 12858 $ $Author: zaister $ -- Mon Jul 19 16:03:21 2010 -- reformated by prettylst.pl v1.39 (build 11455)
SOURCELONG:Rise of the Runelords, Chapter 1: Burnt Offerings	SOURCESHORT:PF1	SOURCEWEB:http://paizo.com/pathfinder/adventurePath/riseOfTheRunelords/v5748btpy7zkq	SOURCEDATE:2007-08
# Original Entry by: Stefan Radermacher

# For Attic Whisperer, load the Pathfinder Roleplaying Game Bestiary 2 dataset
# For Goblin Dog, load the Pathfinder Roleplaying Game Bestiary dataset
# For Sinspawn, load the Pathfinder Roleplaying Game Bestiary 2 dataset

STARTPACK:Gecko (Giant) Default	TYPE:DefaultMonster.Animal	VISIBLE:QUALIFY	EQUIPBUY:0	PREMULT:1,[!PRERACE:1,%],[PRERACE:1,Gecko (Giant)]	SOURCEPAGE:p.89
RACE:Gecko (Giant)	!PRERACE:1,%
NAME:Giant Gecko
ALIGN:TN
SKILL:Acrobatics	RANK:2
FEAT:Improved Initiative
STAT:STR=11|DEX=11|CON=10|INT=10|WIS=10|CHA=10

STARTPACK:Goblin Snake Default	TYPE:DefaultMonster.Aberration	VISIBLE:QUALIFY	EQUIPBUY:0	PREMULT:1,[!PRERACE:1,%],[PRERACE:1,Goblin Snake]	SOURCEPAGE:p.88
RACE:Goblin Snake	!PRERACE:1,%
NAME:Goblin Snake
ALIGN:CE
SKILL:Bluff		RANK:1
SKILL:Intimidate	RANK:1
SKILL:Perception	RANK:2
SKILL:Stealth	RANK:2
FEAT:Alertness
STAT:STR=10|DEX=11|CON=10|INT=10|WIS=10|CHA=11

STARTPACK:Sandpoint Devil Default	TYPE:DefaultMonster.Outsider	VISIBLE:QUALIFY	EQUIPBUY:0	PREMULT:1,[!PRERACE:1,%],[PRERACE:1,Sandpoint Devil]	SOURCEPAGE:p.94
RACE:Sandpoint Devil	!PRERACE:1,%
NAME:The Sandpoint Devil
ALIGN:NE
SKILL:Climb				RANK:7
SKILL:Disguise			RANK:6
SKILL:Fly				RANK:4
SKILL:Intimidate			RANK:5
SKILL:Knowledge (Geography)	RANK:8
SKILL:Perception			RANK:10
SKILL:Stealth			RANK:12
SKILL:Survival			RANK:8
FEAT:Alertness
FEAT:Combat Reflexes
FEAT:Dodge
FEAT:Mobility
FEAT:Spring Attack
FEAT:Stealthy
STAT:STR=10|DEX=10|CON=10|INT=10|WIS=10|CHA=10

#
# End
#
