# CVS $Revision: 12858 $ $Author: zaister $ -- Tue Oct 19 13:38:37 2010 -- reformated by prettylst.pl v1.39 (build 11455)
SOURCELONG:Rise of the Runelords, Chapter 1: Burnt Offerings	SOURCESHORT:PF1	SOURCEWEB:http://paizo.com/pathfinder/adventurePath/riseOfTheRunelords/v5748btpy7zkq	SOURCEDATE:2007-08
# Original Entry by: Stefan Radermacher

# For Attic Whisperer, load the Pathfinder Roleplaying Game Bestiary 2 dataset
# For Goblin Dog, load the Pathfinder Roleplaying Game Bestiary dataset
# For Sinspawn, load the Pathfinder Roleplaying Game Bestiary 2 dataset

###Block: Giant Gecko Abilities
# Ability Name	Unique Key					Category of Ability		Type						Description																																																						Bonus to skill		Source Page
Expert Climber	KEY:Expert Climber ~ Giant Gecko	CATEGORY:Special Ability	TYPE:SpecialQuality.Extraordinary	DESC:The unique physiology of gecko feet allow geckos to climb any surface, no matter how slick or sheer. In effect, giant geckos are treated as constantly being under a natural version of the spell Spider Climb. This ability also provides them with an additional +8 bonus on Climb check, which stacks with their racial bonus.	BONUS:SKILL|Climb|8	SOURCEPAGE:p.89

###Block: Goblin Snake Abilities
# Ability Name	Unique Key					Category of Ability		Type						Define						Description																																																																																										Modify VAR							Source Page		Aspects
Goblin Breath	KEY:Goblin Breath ~ Goblin Snake	CATEGORY:Special Ability	TYPE:SpecialQuality.Extraordinary	DEFINE:GoblinSnakeBreathDC|10+(HD/2)+CON	DESC:Once every 1d4 rounds a goblin snake can release a disgusting belch. Any creature within 5 feet of the goblin snake must succeed on a DC %1 Fortitude save or be sickened for 1d6 rounds. Creatures that successfully save cannot be affected by the same goblin snake's goblin breath for 24 hours. A Delay Poison or Neutralize Poison spell removes the effect from the sickened creature. Creatures with immunity to poison are unaffected, and creatures resistant to poison receive their normal bonus on their saving throw.|GoblinSnakeBreathDC									SOURCEPAGE:p.88
Lunge			KEY:Lunge ~ Goblin Snake		CATEGORY:Special Ability	TYPE:SpecialQuality.Extraordinary								DESC:A goblin snake can coil itself to attack normally out-of-reach opponents. First, a goblin snake must spend a full-round action tightly coiling itself. In any following round, it can attack a creature within 10 feet as if it had double its normal reach. It gains a +2 bonus on this attack. Moving before it attacks causes a goblin snake to uncoil, preventing it from lunging. A goblin snake must spend a round recoiling between lunge attacks.																									SOURCEPAGE:p.88
Snake Empathy	KEY:Snake Empathy ~ Goblin Snake	CATEGORY:Special Ability	TYPE:SpecialQuality.Extraordinary	DEFINE:GoblinSnakeEmpathy|HD			DESC:This ability functions similarly to a druid's wild empathy ability (+%1), but allows goblin snakes to verbally communicate with and be understood by snakes and similar serpentine reptiles. Goblin snakes have a +4 racial bonus on these checks. Its base check equals its racial Hit Dice.|GoblinSnakeEmpathy																																								BONUS:VAR|GoblinSnakeEmpathy|4|TYPE=Racial	SOURCEPAGE:p.88	ASPECT:Ability Benefit|+%1|GoblinSnakeEmpathy

###Block: Sandpoint Devil Abilities
# Ability Name	Unique Key						Category of Ability		Type						Define								Description																																																																						Source Page
Bay			KEY:Bay ~ Sandpoint Devil			CATEGORY:Special Ability	TYPE:SpecialAttack.Supernatural	DEFINE:SandpointDevilBayDC|10+(HD/2)+CHA			DESC:When the Sandpoint devil screams, all creatures within a 300-foot-radius spread must succeed on a DC %1 Will save or become panicked for 2d4 rounds. This is a sonic, mind-affecting, fear effect. Whether or not the save is successful, a creature is thereafter immune to the Sandpoint devil's bay for 24 hours.|SandpointDevilBayDC																SOURCEPAGE:p.94
Hellfire Breath	KEY:Hellfire Breath ~ Sandpoint Devil	CATEGORY:Special Ability	TYPE:SpecialAttack.Supernatural	DEFINE:SandpointDevilHellfireBreathDC|10+(HD/2)+CON	DESC:The Sandpoint devil can unleash blasts of infernal flame in a 30-ft cone, once every 1d4 rounds (damage 6d6 ﬁre, Reﬂex %1 half). Any creature that fails the save also takes a -4 penalty on attack rolls, saves, ability checks, and skill checks. This effect lasts for a number of days equal to the damage taken, but is otherwise treated and can be removed as per the spell Bestow Curse.|SandpointDevilHellfireBreathDC	SOURCEPAGE:p.94

#
# End
#
