# CVS $Revision: 12596 $ $Author: zaister $ -- Mon Aug  9 15:38:27 2010 -- reformated by prettylst.pl v1.39 (build 11455)

###Block: Pathfinder #5
SOURCELONG:Rise of the Runelords, Chapter 5: Sins of the Saviors	SOURCESHORT:PF5	SOURCEWEB:http://paizo.com/pathfinder/adventurePath/riseOfTheRunelords/v5748btpy815o	SOURCEDATE:2007-10

STARTPACK:Demon (Shemhazian) Default	VISIBLE:QUALIFY	EQUIPBUY:0	PREMULT:1,[!PRERACE:1,%],[PRERACE:1,Demon (Shemhazian)]
STAT:STR=10|DEX=11|CON=11|INT=10|WIS=11|CHA=10
RACE:Demon (Shemhazian)	!PRERACE:1,%
NAME:Shemhazian
ALIGN:CE
SKILL:Acrobatics		RANK:16
SKILL:Climb			RANK:16
SKILL:Intimidate		RANK:16
SKILL:Perception		RANK:16
SKILL:Sense Motive	RANK:16
SKILL:Stealth		RANK:16
FEAT:Alertness
FEAT:Awesome Blow
FEAT:Combat Reflexes
FEAT:Improved Bull Rush
FEAT:Improved Critical (Scything Claw)
FEAT:Multiattack
FEAT:Power Attack
FEAT:Great Fortitude
